<?xml version="1.0" encoding="UTF-8"?>
<!-- Generated by org.testng.reporters.JUnitReportReporter -->
<testsuite hostname="LIN-37XT9K3" failures="0" tests="2" name="testCases.TC001_AccountRegistrationTest" time="4.354" errors="0" timestamp="2026-02-20T12:46:30 IST" skipped="0">
  <testcase classname="testCases.TC001_AccountRegistrationTest" name="verify_account_registration" time="2.479"/>
  <testcase classname="testCases.TC001_AccountRegistrationTest" name="verify_account_registration" time="1.875"/>
</testsuite> <!-- testCases.TC001_AccountRegistrationTest -->
